<?xml version="1.0" encoding="UTF-8"?><testsuite errors="0" failures="0" name="Ingesta de Documentos - Manera Asincrona" skipped="0" tests="36" time="69.43" timestamp="2020-02-24 03:43:52"><testcase name="Cp001-cp050"/><testcase name="Cp002-cp029"/><testcase name="Cp003-009-010-011-012-013-014-015-016-017-018-019-020-021-022-023-024-025-026-027-028"/><testcase name="Cp022-cp023-cp024-cp025-cp026-cp027-cp028-cp030"/><testcase name="Cp031"/><testcase name="Cp032"/><testcase name="Cp033"/><testcase name="Cp034-cp035-cp036"/><testcase name="Cp046-cp047-cp048-cp049"/></testsuite>